<?xml version="1.0" encoding="UTF-8"?>
<coverage generated="1746550335563" clover="3.2.0">
  <project timestamp="1746550335563" name="All files">
    <metrics statements="18" coveredstatements="10" conditionals="14" coveredconditionals="8" methods="2" coveredmethods="1" elements="34" coveredelements="19" complexity="0" loc="18" ncloc="18" packages="1" files="2" classes="2"/>
    <file name="firebaseConfig.js" path="C:\Users\maual\Documents\GitHub\gestion\backend2\firebaseConfig.js">
      <metrics statements="7" coveredstatements="2" conditionals="4" coveredconditionals="1" methods="0" coveredmethods="0"/>
      <line num="4" count="1" type="stmt"/>
      <line num="6" count="1" type="cond" truecount="1" falsecount="1"/>
      <line num="8" count="0" type="stmt"/>
      <line num="9" count="0" type="stmt"/>
      <line num="11" count="0" type="stmt"/>
      <line num="13" count="0" type="cond" truecount="0" falsecount="2"/>
      <line num="14" count="0" type="stmt"/>
    </file>
    <file name="index.js" path="C:\Users\maual\Documents\GitHub\gestion\backend2\index.js">
      <metrics statements="11" coveredstatements="8" conditionals="10" coveredconditionals="7" methods="2" coveredmethods="1"/>
      <line num="5" count="1" type="stmt"/>
      <line num="6" count="1" type="cond" truecount="2" falsecount="0"/>
      <line num="8" count="1" type="stmt"/>
      <line num="9" count="1" type="cond" truecount="1" falsecount="1"/>
      <line num="12" count="1" type="cond" truecount="3" falsecount="1"/>
      <line num="13" count="0" type="stmt"/>
      <line num="18" count="1" type="stmt"/>
      <line num="21" count="1" type="stmt"/>
      <line num="28" count="1" type="cond" truecount="1" falsecount="1"/>
      <line num="29" count="0" type="stmt"/>
      <line num="30" count="0" type="stmt"/>
    </file>
  </project>
</coverage>
