{"C:\\Users\\maual\\Documents\\GitHub\\gestion\\backend2\\firebaseConfig.js": {"path":"C:\\Users\\maual\\Documents\\GitHub\\gestion\\backend2\\firebaseConfig.js","statementMap":{"0":{"start":{"line":4,"column":16},"end":{"line":4,"column":46}},"1":{"start":{"line":6,"column":0},"end":{"line":18,"column":1}},"2":{"start":{"line":8,"column":2},"end":{"line":12,"column":3}},"3":{"start":{"line":9,"column":4},"end":{"line":9,"column":57}},"4":{"start":{"line":11,"column":4},"end":{"line":11,"column":87}},"5":{"start":{"line":13,"column":2},"end":{"line":17,"column":3}},"6":{"start":{"line":14,"column":4},"end":{"line":16,"column":7}}},"fnMap":{},"branchMap":{"0":{"loc":{"start":{"line":6,"column":0},"end":{"line":18,"column":1}},"type":"if","locations":[{"start":{"line":6,"column":0},"end":{"line":18,"column":1}},{"start":{},"end":{}}],"line":6},"1":{"loc":{"start":{"line":13,"column":2},"end":{"line":17,"column":3}},"type":"if","locations":[{"start":{"line":13,"column":2},"end":{"line":17,"column":3}},{"start":{},"end":{}}],"line":13}},"s":{"0":1,"1":1,"2":0,"3":0,"4":0,"5":0,"6":0},"f":{},"b":{"0":[0,1],"1":[0,0]},"inputSourceMap":null,"_coverageSchema":"1a1c01bbd47fc00a2c39e90264f33305004495a9","hash":"6ec585c28a900a597c500c4f680c325c9e1ac69f"}
,"C:\\Users\\maual\\Documents\\GitHub\\gestion\\backend2\\index.js": {"path":"C:\\Users\\maual\\Documents\\GitHub\\gestion\\backend2\\index.js","statementMap":{"0":{"start":{"line":5,"column":12},"end":{"line":5,"column":21}},"1":{"start":{"line":6,"column":13},"end":{"line":6,"column":37}},"2":{"start":{"line":8,"column":0},"end":{"line":22,"column":3}},"3":{"start":{"line":9,"column":12},"end":{"line":9,"column":29}},"4":{"start":{"line":12,"column":2},"end":{"line":19,"column":3}},"5":{"start":{"line":13,"column":15},"end":{"line":13,"column":32}},"6":{"start":{"line":18,"column":4},"end":{"line":18,"column":82}},"7":{"start":{"line":21,"column":2},"end":{"line":21,"column":44}},"8":{"start":{"line":28,"column":0},"end":{"line":32,"column":1}},"9":{"start":{"line":29,"column":2},"end":{"line":31,"column":5}},"10":{"start":{"line":30,"column":4},"end":{"line":30,"column":66}}},"fnMap":{"0":{"name":"(anonymous_0)","decl":{"start":{"line":8,"column":22},"end":{"line":8,"column":23}},"loc":{"start":{"line":8,"column":42},"end":{"line":22,"column":1}},"line":8},"1":{"name":"(anonymous_1)","decl":{"start":{"line":29,"column":19},"end":{"line":29,"column":20}},"loc":{"start":{"line":29,"column":25},"end":{"line":31,"column":3}},"line":29}},"branchMap":{"0":{"loc":{"start":{"line":6,"column":13},"end":{"line":6,"column":37}},"type":"binary-expr","locations":[{"start":{"line":6,"column":13},"end":{"line":6,"column":29}},{"start":{"line":6,"column":33},"end":{"line":6,"column":37}}],"line":6},"1":{"loc":{"start":{"line":9,"column":12},"end":{"line":9,"column":29}},"type":"binary-expr","locations":[{"start":{"line":9,"column":12},"end":{"line":9,"column":23}},{"start":{"line":9,"column":27},"end":{"line":9,"column":29}}],"line":9},"2":{"loc":{"start":{"line":12,"column":2},"end":{"line":19,"column":3}},"type":"if","locations":[{"start":{"line":12,"column":2},"end":{"line":19,"column":3}},{"start":{"line":16,"column":9},"end":{"line":19,"column":3}}],"line":12},"3":{"loc":{"start":{"line":12,"column":6},"end":{"line":12,"column":41}},"type":"binary-expr","locations":[{"start":{"line":12,"column":6},"end":{"line":12,"column":16}},{"start":{"line":12,"column":20},"end":{"line":12,"column":41}}],"line":12},"4":{"loc":{"start":{"line":28,"column":0},"end":{"line":32,"column":1}},"type":"if","locations":[{"start":{"line":28,"column":0},"end":{"line":32,"column":1}},{"start":{},"end":{}}],"line":28}},"s":{"0":1,"1":1,"2":1,"3":1,"4":1,"5":0,"6":1,"7":1,"8":1,"9":0,"10":0},"f":{"0":1,"1":0},"b":{"0":[1,1],"1":[1,0],"2":[0,1],"3":[1,1],"4":[0,1]},"inputSourceMap":null,"_coverageSchema":"1a1c01bbd47fc00a2c39e90264f33305004495a9","hash":"8620aac001d31f70d25a5ee5a86020c5f811a7fd"}
}
