TN:
SF:firebaseConfig.js
FNF:0
FNH:0
DA:4,1
DA:6,1
DA:8,0
DA:9,0
DA:11,0
DA:13,0
DA:14,0
LF:7
LH:2
BRDA:6,0,0,0
BRDA:6,0,1,1
BRDA:13,1,0,0
BRDA:13,1,1,0
BRF:4
BRH:1
end_of_record
TN:
SF:index.js
FN:8,(anonymous_0)
FN:29,(anonymous_1)
FNF:2
FNH:1
FNDA:1,(anonymous_0)
FNDA:0,(anonymous_1)
DA:5,1
DA:6,1
DA:8,1
DA:9,1
DA:12,1
DA:13,0
DA:18,1
DA:21,1
DA:28,1
DA:29,0
DA:30,0
LF:11
LH:8
BRDA:6,0,0,1
BRDA:6,0,1,1
BRDA:9,1,0,1
BRDA:9,1,1,0
BRDA:12,2,0,0
BRDA:12,2,1,1
BRDA:12,3,0,1
BRDA:12,3,1,1
BRDA:28,4,0,0
BRDA:28,4,1,1
BRF:10
BRH:7
end_of_record
